CRITICAL - 2023-06-13 03:15:40 --> Class 'App\Controllers\genremodel' not found
in APPPATH\Controllers\Genre.php on line 14.
 1 SYSTEMPATH\CodeIgniter.php(906): App\Controllers\Genre->__construct()
 2 SYSTEMPATH\CodeIgniter.php(490): CodeIgniter\CodeIgniter->createController()
 3 SYSTEMPATH\CodeIgniter.php(368): CodeIgniter\CodeIgniter->handleRequest(null, Object(Config\Cache), false)
 4 FCPATH\index.php(67): CodeIgniter\CodeIgniter->run()
 5 SYSTEMPATH\Commands\Server\rewrite.php(47): require_once('C:\\xampp\\htdocs\\MI4Bapp\\public\\index.php')
CRITICAL - 2023-06-13 03:16:50 --> Class 'App\Controllers\GenreModel' not found
in APPPATH\Controllers\Genre.php on line 14.
 1 SYSTEMPATH\CodeIgniter.php(906): App\Controllers\Genre->__construct()
 2 SYSTEMPATH\CodeIgniter.php(490): CodeIgniter\CodeIgniter->createController()
 3 SYSTEMPATH\CodeIgniter.php(368): CodeIgniter\CodeIgniter->handleRequest(null, Object(Config\Cache), false)
 4 FCPATH\index.php(67): CodeIgniter\CodeIgniter->run()
 5 SYSTEMPATH\Commands\Server\rewrite.php(47): require_once('C:\\xampp\\htdocs\\MI4Bapp\\public\\index.php')
CRITICAL - 2023-06-13 03:20:01 --> Class 'App\Controllers\GenreModel' not found
in APPPATH\Controllers\Genre.php on line 14.
 1 SYSTEMPATH\CodeIgniter.php(906): App\Controllers\Genre->__construct()
 2 SYSTEMPATH\CodeIgniter.php(490): CodeIgniter\CodeIgniter->createController()
 3 SYSTEMPATH\CodeIgniter.php(368): CodeIgniter\CodeIgniter->handleRequest(null, Object(Config\Cache), false)
 4 FCPATH\index.php(67): CodeIgniter\CodeIgniter->run()
 5 SYSTEMPATH\Commands\Server\rewrite.php(47): require_once('C:\\xampp\\htdocs\\MI4Bapp\\public\\index.php')
CRITICAL - 2023-06-13 03:20:03 --> Class 'App\Controllers\GenreModel' not found
in APPPATH\Controllers\Genre.php on line 14.
 1 SYSTEMPATH\CodeIgniter.php(906): App\Controllers\Genre->__construct()
 2 SYSTEMPATH\CodeIgniter.php(490): CodeIgniter\CodeIgniter->createController()
 3 SYSTEMPATH\CodeIgniter.php(368): CodeIgniter\CodeIgniter->handleRequest(null, Object(Config\Cache), false)
 4 FCPATH\index.php(67): CodeIgniter\CodeIgniter->run()
 5 SYSTEMPATH\Commands\Server\rewrite.php(47): require_once('C:\\xampp\\htdocs\\MI4Bapp\\public\\index.php')
CRITICAL - 2023-06-13 03:23:21 --> Class 'App\Controllers\GenreModel' not found
in APPPATH\Controllers\Genre.php on line 14.
 1 SYSTEMPATH\CodeIgniter.php(906): App\Controllers\Genre->__construct()
 2 SYSTEMPATH\CodeIgniter.php(490): CodeIgniter\CodeIgniter->createController()
 3 SYSTEMPATH\CodeIgniter.php(368): CodeIgniter\CodeIgniter->handleRequest(null, Object(Config\Cache), false)
 4 FCPATH\index.php(67): CodeIgniter\CodeIgniter->run()
 5 SYSTEMPATH\Commands\Server\rewrite.php(47): require_once('C:\\xampp\\htdocs\\MI4Bapp\\public\\index.php')
CRITICAL - 2023-06-13 03:23:23 --> Class 'App\Controllers\GenreModel' not found
in APPPATH\Controllers\Genre.php on line 14.
 1 SYSTEMPATH\CodeIgniter.php(906): App\Controllers\Genre->__construct()
 2 SYSTEMPATH\CodeIgniter.php(490): CodeIgniter\CodeIgniter->createController()
 3 SYSTEMPATH\CodeIgniter.php(368): CodeIgniter\CodeIgniter->handleRequest(null, Object(Config\Cache), false)
 4 FCPATH\index.php(67): CodeIgniter\CodeIgniter->run()
 5 SYSTEMPATH\Commands\Server\rewrite.php(47): require_once('C:\\xampp\\htdocs\\MI4Bapp\\public\\index.php')
CRITICAL - 2023-06-13 03:26:19 --> Class 'App\Controllers\GenreModel' not found
in APPPATH\Controllers\Genre.php on line 14.
 1 SYSTEMPATH\CodeIgniter.php(906): App\Controllers\Genre->__construct()
 2 SYSTEMPATH\CodeIgniter.php(490): CodeIgniter\CodeIgniter->createController()
 3 SYSTEMPATH\CodeIgniter.php(368): CodeIgniter\CodeIgniter->handleRequest(null, Object(Config\Cache), false)
 4 FCPATH\index.php(67): CodeIgniter\CodeIgniter->run()
 5 SYSTEMPATH\Commands\Server\rewrite.php(47): require_once('C:\\xampp\\htdocs\\MI4Bapp\\public\\index.php')
CRITICAL - 2023-06-13 03:30:18 --> Undefined variable: data_genre
in APPPATH\Views\film\genre.php on line 19.
 1 APPPATH\Views\film\genre.php(19): CodeIgniter\Debug\Exceptions->errorHandler(8, 'Undefined variable: data_genre', 'C:\\xampp\\htdocs\\MI4Bapp\\app\\Views\\film\\genre.php', 19, [...])
 2 SYSTEMPATH\View\View.php(213): include('C:\\xampp\\htdocs\\MI4Bapp\\app\\Views\\film\\genre.php')
 3 SYSTEMPATH\View\View.php(216): CodeIgniter\View\View->CodeIgniter\View\{closure}()
 4 SYSTEMPATH\Common.php(1184): CodeIgniter\View\View->render('film/genre', [], true)
 5 APPPATH\Controllers\Genre.php(24): view('film/genre', [...])
 6 SYSTEMPATH\CodeIgniter.php(934): App\Controllers\Genre->all()
 7 SYSTEMPATH\CodeIgniter.php(499): CodeIgniter\CodeIgniter->runController(Object(App\Controllers\Genre))
 8 SYSTEMPATH\CodeIgniter.php(368): CodeIgniter\CodeIgniter->handleRequest(null, Object(Config\Cache), false)
 9 FCPATH\index.php(67): CodeIgniter\CodeIgniter->run()
10 SYSTEMPATH\Commands\Server\rewrite.php(47): require_once('C:\\xampp\\htdocs\\MI4Bapp\\public\\index.php')
CRITICAL - 2023-06-13 05:00:39 --> Undefined index: genre
in APPPATH\Views\film\semuafilm.php on line 27.
 1 APPPATH\Views\film\semuafilm.php(27): CodeIgniter\Debug\Exceptions->errorHandler(8, 'Undefined index: genre', 'C:\\xampp\\htdocs\\MI4Bapp\\app\\Views\\film\\semuafilm.php', 27, [...])
 2 SYSTEMPATH\View\View.php(213): include('C:\\xampp\\htdocs\\MI4Bapp\\app\\Views\\film\\semuafilm.php')
 3 SYSTEMPATH\View\View.php(216): CodeIgniter\View\View->CodeIgniter\View\{closure}()
 4 SYSTEMPATH\Common.php(1184): CodeIgniter\View\View->render('film/semuafilm', [], true)
 5 APPPATH\Controllers\Film.php(32): view('film/semuafilm', [...])
 6 SYSTEMPATH\CodeIgniter.php(934): App\Controllers\Film->all()
 7 SYSTEMPATH\CodeIgniter.php(499): CodeIgniter\CodeIgniter->runController(Object(App\Controllers\Film))
 8 SYSTEMPATH\CodeIgniter.php(368): CodeIgniter\CodeIgniter->handleRequest(null, Object(Config\Cache), false)
 9 FCPATH\index.php(67): CodeIgniter\CodeIgniter->run()
10 SYSTEMPATH\Commands\Server\rewrite.php(47): require_once('C:\\xampp\\htdocs\\MI4Bapp\\public\\index.php')
